{
  "0 debug pnpm:scope": {
    "selected": 1,
    "workspacePrefix": "/Users/bill/code/ezlog.in"
  },
  "1 debug pnpm": {
    "isCaseSensitive": false,
    "store": "/Users/bill/.pnpm-store/2"
  },
  "2 error pnpm": {
    "message": {
      "code": "ERR_INVALID_ARG_TYPE"
    },
    "err": {
      "name": "TypeError",
      "message": "The \"from\" argument must be of type string. Received undefined",
      "code": "ERR_INVALID_ARG_TYPE",
      "stack": "TypeError [ERR_INVALID_ARG_TYPE]: The \"from\" argument must be of type string. Received undefined\n    at validateString (internal/validators.js:117:11)\n    at Object.relative (path.js:1053:5)\n    at Object.checkCompatibility [as default] (/Users/bill/.nvm/versions/node/v12.16.1/lib/node_modules/pnpm/lib/node_modules/@pnpm/get-context/lib/checkCompatibility/index.js:13:14)\n    at /Users/bill/.nvm/versions/node/v12.16.1/lib/node_modules/pnpm/lib/node_modules/@pnpm/get-context/lib/index.js:137:41\n    at Array.map (<anonymous>)\n    at validateNodeModules (/Users/bill/.nvm/versions/node/v12.16.1/lib/node_modules/pnpm/lib/node_modules/@pnpm/get-context/lib/index.js:135:32)\n    at Object.getContext [as default] (/Users/bill/.nvm/versions/node/v12.16.1/lib/node_modules/pnpm/lib/node_modules/@pnpm/get-context/lib/index.js:20:15)\n    at processTicksAndRejections (internal/process/task_queues.js:97:5)\n    at async Object.mutateModules (/Users/bill/.nvm/versions/node/v12.16.1/lib/node_modules/pnpm/lib/node_modules/supi/lib/install/index.js:62:17)\n    at async Object.handler [as default] (/Users/bill/.nvm/versions/node/v12.16.1/lib/node_modules/pnpm/lib/node_modules/@pnpm/plugin-commands-installation/lib/installDeps.js:121:35)"
    }
  }
}